Cloning the remote Git repository
Cloning with configured refspecs honoured and without tags
Cloning repository https://github.com/ewapoplawska/se_hello_printer_app.git
 > git init /var/jenkins_home/workspace/se_hello_printer_app_master-2CRKFN6SANB6VFG22YRPFVVRELWSHOI7ALOFV3NMK7BXCRMRC3UQ # timeout=10
Fetching upstream changes from https://github.com/ewapoplawska/se_hello_printer_app.git
 > git --version # timeout=10
using GIT_ASKPASS to set credentials 
 > git fetch --no-tags --progress https://github.com/ewapoplawska/se_hello_printer_app.git +refs/heads/master:refs/remotes/origin/master
 > git config remote.origin.url https://github.com/ewapoplawska/se_hello_printer_app.git # timeout=10
 > git config --add remote.origin.fetch +refs/heads/master:refs/remotes/origin/master # timeout=10
 > git config remote.origin.url https://github.com/ewapoplawska/se_hello_printer_app.git # timeout=10
Fetching without tags
Fetching upstream changes from https://github.com/ewapoplawska/se_hello_printer_app.git
using GIT_ASKPASS to set credentials 
 > git fetch --no-tags --progress https://github.com/ewapoplawska/se_hello_printer_app.git +refs/heads/master:refs/remotes/origin/master
Checking out Revision 03e0fb2ba33a1f87dc68498d0ab3956ab73c50c1 (master)
 > git config core.sparsecheckout # timeout=10
 > git checkout -f 03e0fb2ba33a1f87dc68498d0ab3956ab73c50c1
Commit message: "Travis"
First time build. Skipping changelog.
